<?xml version="1.0" encoding="UTF-8"?>
<!-- Generated by org.testng.reporters.JUnitReportReporter -->
<testsuite skipped="0" hostname="LAPTOP-0EC05GSJ" name="testcases.TestCase1" tests="2" failures="0" timestamp="2021-04-05T12:53:54 IST" time="0.017" errors="0">
  <testcase name="doUserReg" time="0.012" classname="testcases.TestCase1"/>
  <system-out/>
  <testcase name="doLogin" time="0.005" classname="testcases.TestCase1"/>
  <system-out/>
</testsuite> <!-- testcases.TestCase1 -->
