<?xml version="1.0" encoding="UTF-8"?>
<!-- Generated by org.testng.reporters.JUnitReportReporter -->
<testsuite skipped="1" hostname="LAPTOP-0EC05GSJ" name="testcases.TestSkip" tests="1" failures="0" timestamp="2021-04-05T20:46:31 IST" time="0.012" errors="0">
  <testcase name="isSkip" time="0.012" classname="testcases.TestSkip">
    <skipped/>
  </testcase> <!-- isSkip -->
  <system-out/>
</testsuite> <!-- testcases.TestSkip -->
