<?xml version="1.0" encoding="UTF-8"?>
<!-- Generated by org.testng.reporters.JUnitReportReporter -->
<testsuite skipped="0" hostname="LAPTOP-0EC05GSJ" name="parallelTest.TestBrowser" tests="2" failures="0" timestamp="2021-04-06T15:02:20 IST" time="4.090" errors="0">
  <testcase name="doLogin" time="2.045" classname="parallelTest.TestBrowser"/>
  <system-out/>
  <testcase name="doLogin" time="2.045" classname="parallelTest.TestBrowser"/>
  <system-out/>
</testsuite> <!-- parallelTest.TestBrowser -->
