<?xml version="1.0" encoding="UTF-8"?>
<!-- Generated by org.testng.reporters.JUnitReportReporter -->
<testsuite skipped="0" hostname="LAPTOP-0EC05GSJ" name="parallelTest.TestParallelDP" tests="2" failures="0" timestamp="2021-04-06T15:02:36 IST" time="4.064" errors="0">
  <testcase name="doLogin" time="2.032" classname="parallelTest.TestParallelDP"/>
  <system-out/>
  <testcase name="doLogin" time="2.032" classname="parallelTest.TestParallelDP"/>
  <system-out/>
</testsuite> <!-- parallelTest.TestParallelDP -->
