<?xml version="1.0" encoding="UTF-8"?>
<!-- Generated by org.testng.reporters.JUnitReportReporter -->
<testsuite skipped="0" hostname="LAPTOP-0EC05GSJ" name="parameterization.TestParameterization" tests="3" failures="0" timestamp="2021-04-06T11:25:29 IST" time="0.015" errors="0">
  <testcase name="doLogin" time="0.011" classname="parameterization.TestParameterization"/>
  <system-out/>
  <testcase name="doLogin" time="0.002" classname="parameterization.TestParameterization"/>
  <system-out/>
  <testcase name="doLogin" time="0.002" classname="parameterization.TestParameterization"/>
  <system-out/>
</testsuite> <!-- parameterization.TestParameterization -->
