<?xml version="1.0" encoding="UTF-8"?>
<!-- Generated by org.testng.reporters.JUnitReportReporter -->
<testsuite skipped="0" hostname="LAPTOP-0EC05GSJ" name="testcases.TestCase1" tests="2" failures="0" timestamp="2021-04-07T13:02:44 IST" time="0.028" errors="0">
  <testcase name="doUserReg" time="0.022" classname="testcases.TestCase1"/>
  <system-out/>
  <testcase name="doLogin" time="0.006" classname="testcases.TestCase1"/>
  <system-out/>
</testsuite> <!-- testcases.TestCase1 -->
